<?xml version="1.0" encoding="UTF-8"?>
<testsuite name="onethreeseven.collections.RangeTest" tests="4" skipped="0" failures="0" errors="0" timestamp="2016-09-19T11:40:20" hostname="DESKTOP-FBKJCBU" time="0.003">
  <properties/>
  <testcase name="testIsConnectible" classname="onethreeseven.collections.RangeTest" time="0.0"/>
  <testcase name="testIntersectingRanges" classname="onethreeseven.collections.RangeTest" time="0.0"/>
  <testcase name="testInRange" classname="onethreeseven.collections.RangeTest" time="0.001"/>
  <testcase name="testIsAfter" classname="onethreeseven.collections.RangeTest" time="0.0"/>
  <system-out><![CDATA[]]></system-out>
  <system-err><![CDATA[]]></system-err>
</testsuite>
