<?xml version="1.0" encoding="UTF-8"?>
<testsuite name="onethreeseven.collections.IntRangeSetTest" tests="4" skipped="0" failures="0" errors="0" timestamp="2016-09-19T11:40:20" hostname="DESKTOP-FBKJCBU" time="0.008">
  <properties/>
  <testcase name="testGetCover" classname="onethreeseven.collections.IntRangeSetTest" time="0.007"/>
  <testcase name="copyTest" classname="onethreeseven.collections.IntRangeSetTest" time="0.0"/>
  <testcase name="testMerged" classname="onethreeseven.collections.IntRangeSetTest" time="0.0"/>
  <testcase name="testIsEmpty" classname="onethreeseven.collections.IntRangeSetTest" time="0.0"/>
  <system-out><![CDATA[]]></system-out>
  <system-err><![CDATA[]]></system-err>
</testsuite>
